This is pdfTeX, Version 3.14159265-2.6-1.40.17 (MiKTeX 2.9 64-bit) (preloaded format=pdflatex 2016.5.20)  11 SEP 2019 22:55
entering extended mode
**./ausarbeitung_cg.tex
(ausarbeitung_cg.tex
LaTeX2e <2016/03/31>
Babel <3.9r> and hyphenation patterns for 75 language(s) loaded.
(utue.cls
Document Class: utue 2011/11/26 University of Tuebingen Corporate Design for Co
mputer Graphics
("C:\Program Files\MiKTeX 2.9\tex\latex\base\article.cls"
Document Class: article 2014/09/29 v1.4h Standard LaTeX document class
("C:\Program Files\MiKTeX 2.9\tex\latex\base\size10.clo"
File: size10.clo 2014/09/29 v1.4h Standard LaTeX file (size option)
)
\c@part=\count79
\c@section=\count80
\c@subsection=\count81
\c@subsubsection=\count82
\c@paragraph=\count83
\c@subparagraph=\count84
\c@figure=\count85
\c@table=\count86
\abovecaptionskip=\skip41
\belowcaptionskip=\skip42
\bibindent=\dimen102
)
("C:\Program Files\MiKTeX 2.9\tex\latex\graphics\graphicx.sty"
Package: graphicx 2014/10/28 v1.0g Enhanced LaTeX Graphics (DPC,SPQR)

("C:\Program Files\MiKTeX 2.9\tex\latex\graphics\keyval.sty"
Package: keyval 2014/10/28 v1.15 key=value parser (DPC)
\KV@toks@=\toks14
)
("C:\Program Files\MiKTeX 2.9\tex\latex\graphics\graphics.sty"
Package: graphics 2016/05/09 v1.0r Standard LaTeX Graphics (DPC,SPQR)

("C:\Program Files\MiKTeX 2.9\tex\latex\graphics\trig.sty"
Package: trig 2016/01/03 v1.10 sin cos tan (DPC)
)
("C:\Program Files\MiKTeX 2.9\tex\latex\00miktex\graphics.cfg"
File: graphics.cfg 2016/01/02 v1.10 sample graphics configuration
)
Package graphics Info: Driver file: pdftex.def on input line 96.

("C:\Program Files\MiKTeX 2.9\tex\latex\pdftex-def\pdftex.def"
File: pdftex.def 2011/05/27 v0.06d Graphics/color for pdfTeX

("C:\Program Files\MiKTeX 2.9\tex\generic\oberdiek\infwarerr.sty"
Package: infwarerr 2016/05/16 v1.4 Providing info/warning/error messages (HO)
)
("C:\Program Files\MiKTeX 2.9\tex\generic\oberdiek\ltxcmds.sty"
Package: ltxcmds 2016/05/16 v1.23 LaTeX kernel commands for general use (HO)
)
\Gread@gobject=\count87
))
\Gin@req@height=\dimen103
\Gin@req@width=\dimen104
)
("C:\Program Files\MiKTeX 2.9\tex\latex\ae\ae.sty"
Package: ae 2001/02/12 1.3 Almost European Computer Modern

("C:\Program Files\MiKTeX 2.9\tex\latex\base\fontenc.sty"
Package: fontenc 2005/09/27 v1.99g Standard LaTeX package

("C:\Program Files\MiKTeX 2.9\tex\latex\base\t1enc.def"
File: t1enc.def 2005/09/27 v1.99g Standard LaTeX file
LaTeX Font Info:    Redeclaring font encoding T1 on input line 48.
)
LaTeX Font Info:    Try loading font information for T1+aer on input line 105.

("C:\Program Files\MiKTeX 2.9\tex\latex\ae\t1aer.fd"
File: t1aer.fd 1997/11/16 Font definitions for T1/aer.
)))
("C:\Program Files\MiKTeX 2.9\tex\latex\graphics\color.sty"
Package: color 2016/05/09 v1.1c Standard LaTeX Color (DPC)

("C:\Program Files\MiKTeX 2.9\tex\latex\00miktex\color.cfg"
File: color.cfg 2016/01/02 v1.6 sample color configuration
)
Package color Info: Driver file: pdftex.def on input line 144.
))
("C:\Program Files\MiKTeX 2.9\tex\latex\koma-script\scrextend.sty"
Package: scrextend 2016/05/10 v3.20 KOMA-Script package (extend other classes w
ith features of KOMA-Script classes)

("C:\Program Files\MiKTeX 2.9\tex\latex\koma-script\scrkbase.sty"
Package: scrkbase 2016/05/10 v3.20 KOMA-Script package (KOMA-Script-dependent b
asics and keyval usage)

("C:\Program Files\MiKTeX 2.9\tex\latex\koma-script\scrbase.sty"
Package: scrbase 2016/05/10 v3.20 KOMA-Script package (KOMA-Script-independent 
basics and keyval usage)

("C:\Program Files\MiKTeX 2.9\tex\latex\koma-script\scrlfile.sty"
Package: scrlfile 2016/05/10 v3.20 KOMA-Script package (loading files)

Package scrlfile, 2016/05/10 v3.20 KOMA-Script package (loading files)
                  Copyright (C) Markus Kohm

)))
LaTeX Info: Redefining \textsubscript on input line 1292.
) (ausarbeitung_cg.aux)
\openout1 = `ausarbeitung_cg.aux'.

LaTeX Font Info:    Checking defaults for OML/cmm/m/it on input line 12.
LaTeX Font Info:    ... okay on input line 12.
LaTeX Font Info:    Checking defaults for T1/cmr/m/n on input line 12.
LaTeX Font Info:    ... okay on input line 12.
LaTeX Font Info:    Checking defaults for OT1/cmr/m/n on input line 12.
LaTeX Font Info:    ... okay on input line 12.
LaTeX Font Info:    Checking defaults for OMS/cmsy/m/n on input line 12.
LaTeX Font Info:    ... okay on input line 12.
LaTeX Font Info:    Checking defaults for OMX/cmex/m/n on input line 12.
LaTeX Font Info:    ... okay on input line 12.
LaTeX Font Info:    Checking defaults for U/cmr/m/n on input line 12.
LaTeX Font Info:    ... okay on input line 12.

("C:\Program Files\MiKTeX 2.9\tex\context\base\supp-pdf.mkii"
[Loading MPS to PDF converter (version 2006.09.02).]
\scratchcounter=\count88
\scratchdimen=\dimen105
\scratchbox=\box26
\nofMPsegments=\count89
\nofMParguments=\count90
\everyMPshowfont=\toks15
\MPscratchCnt=\count91
\MPscratchDim=\dimen106
\MPnumerator=\count92
\makeMPintoPDFobject=\count93
\everyMPtoPDFconversion=\toks16
) ("C:\Program Files\MiKTeX 2.9\tex\generic\oberdiek\pdftexcmds.sty"
Package: pdftexcmds 2016/05/10 v0.21 Utility functions of pdfTeX for LuaTeX (HO
)

("C:\Program Files\MiKTeX 2.9\tex\generic\oberdiek\ifluatex.sty"
Package: ifluatex 2016/05/16 v1.4 Provides the ifluatex switch (HO)
Package ifluatex Info: LuaTeX not detected.
)
("C:\Program Files\MiKTeX 2.9\tex\generic\oberdiek\ifpdf.sty"
Package: ifpdf 2016/05/14 v3.1 Provides the ifpdf switch
)
Package pdftexcmds Info: LuaTeX not detected.
Package pdftexcmds Info: \pdf@primitive is available.
Package pdftexcmds Info: \pdf@ifprimitive is available.
Package pdftexcmds Info: \pdfdraftmode found.
)
("C:\Program Files\MiKTeX 2.9\tex\latex\oberdiek\epstopdf-base.sty"
Package: epstopdf-base 2016/05/15 v2.6 Base part for package epstopdf

("C:\Program Files\MiKTeX 2.9\tex\latex\oberdiek\grfext.sty"
Package: grfext 2016/05/16 v1.2 Manage graphics extensions (HO)

("C:\Program Files\MiKTeX 2.9\tex\generic\oberdiek\kvdefinekeys.sty"
Package: kvdefinekeys 2016/05/16 v1.4 Define keys (HO)
))
("C:\Program Files\MiKTeX 2.9\tex\latex\oberdiek\kvoptions.sty"
Package: kvoptions 2016/05/16 v3.12 Key value format for package options (HO)

("C:\Program Files\MiKTeX 2.9\tex\generic\oberdiek\kvsetkeys.sty"
Package: kvsetkeys 2016/05/16 v1.17 Key value parser (HO)

("C:\Program Files\MiKTeX 2.9\tex\generic\oberdiek\etexcmds.sty"
Package: etexcmds 2016/05/16 v1.6 Avoid name clashes with e-TeX commands (HO)
Package etexcmds Info: Could not find \expanded.
(etexcmds)             That can mean that you are not using pdfTeX 1.50 or
(etexcmds)             that some package has redefined \expanded.
(etexcmds)             In the latter case, load this package earlier.
)))
Package grfext Info: Graphics extension search list:
(grfext)             [.png,.pdf,.jpg,.mps,.jpeg,.jbig2,.jb2,.PNG,.PDF,.JPG,.JPE
G,.JBIG2,.JB2,.eps]
(grfext)             \AppendGraphicsExtensions on input line 456.
)
<images/tuebingen4b_um_rot_small.pdf, id=1, 558.8127pt x 196.8936pt>
File: images/tuebingen4b_um_rot_small.pdf Graphic file (type pdf)

<use images/tuebingen4b_um_rot_small.pdf>
Package pdftex.def Info: images/tuebingen4b_um_rot_small.pdf used on input line
 21.
(pdftex.def)             Requested size: 203.39862pt x 71.66577pt.
LaTeX Font Info:    Try loading font information for T1+aess on input line 21.

("C:\Program Files\MiKTeX 2.9\tex\latex\ae\t1aess.fd"
File: t1aess.fd 1997/11/16 Font definitions for T1/aess.
)

LaTeX Font Warning: Font shape `T1/aess/m/sc' undefined
(Font)              using `T1/aess/m/n' instead on input line 21.


LaTeX Font Warning: Font shape `T1/aess/bx/sc' undefined
(Font)              using `T1/aess/bx/n' instead on input line 21.

LaTeX Font Info:    External font `cmex10' loaded for size
(Font)              <7> on input line 21.
LaTeX Font Info:    External font `cmex10' loaded for size
(Font)              <5> on input line 21.

Overfull \hbox (15.98987pt too wide) in paragraph at lines 21--21
[][][][][][] 
 []

[1


{C:/Users/mb/AppData/Local/MiKTeX/2.9/pdftex/config/pdftex.map} <./images/tuebi
ngen4b_um_rot_small.pdf>] [2

]
<images/teaser.PNG, id=31, 1204.5pt x 517.935pt>
File: images/teaser.PNG Graphic file (type png)
 <use images/teaser.PNG>
Package pdftex.def Info: images/teaser.PNG used on input line 21.
(pdftex.def)             Requested size: 452.0pt x 194.35948pt.

Underfull \vbox (badness 10000) has occurred while \output is active []

 [1



 <./images/teaser.PNG>]
Underfull \hbox (badness 1616) in paragraph at lines 34--35
\T1/aer/m/n/10 The im-ages they use are sim-ple RGB-D im-
 []


Underfull \hbox (badness 2990) in paragraph at lines 38--39
 \T1/aess/bx/sc/10 Coref-er-ence[] \T1/aer/m/n/10 Us-ing mul-ti-ple sen-tences 
to de-
 []


Underfull \hbox (badness 2478) in paragraph at lines 38--39
\T1/aer/m/n/10 scribe a scene makes the align-ment be-tween
 []

<images/scene_only_centered.png, id=39, 962.09438pt x 685.05937pt>
File: images/scene_only_centered.png Graphic file (type png)

<use images/scene_only_centered.png>
Package pdftex.def Info: images/scene_only_centered.png used on input line 55.
(pdftex.def)             Requested size: 198.89865pt x 141.61928pt.


LaTeX Warning: `!h' float specifier changed to `!ht'.

[2]
Underfull \vbox (badness 2173) has occurred while \output is active []


<images/model.jpg, id=43, 828.84656pt x 573.64313pt>
File: images/model.jpg Graphic file (type jpg)
 <use images/model.jpg>
Package pdftex.def Info: images/model.jpg used on input line 72.
(pdftex.def)             Requested size: 331.5pt x 229.42693pt.


LaTeX Warning: `!h' float specifier changed to `!ht'.

[3 <./images/scene_only_centered.png>]
Underfull \hbox (badness 10000) in paragraph at lines 88--89
[]\T1/aer/m/n/10 A se-lec-tor for which cuboid each
 []

<images/results.jpg, id=50, 778.40813pt x 547.2947pt>
File: images/results.jpg Graphic file (type jpg)
 <use images/results.jpg>
Package pdftex.def Info: images/results.jpg used on input line 106.
(pdftex.def)             Requested size: 198.89865pt x 139.8464pt.


LaTeX Warning: `!h' float specifier changed to `!ht'.


Underfull \vbox (badness 5985) has occurred while \output is active []

 [4 <./images/model.jpg>]
<images/result_actual_example.png, id=54, 904.88063pt x 867.24pt>
File: images/result_actual_example.png Graphic file (type png)

<use images/result_actual_example.png>
Package pdftex.def Info: images/result_actual_example.png used on input line 11
4.
(pdftex.def)             Requested size: 198.89865pt x 190.62135pt.
 (ausarbeitung_cg.bbl
Underfull \hbox (badness 1609) in paragraph at lines 5--10
\T1/aer/m/it/10 li-gence IEEE Trans. Pat-tern Anal.
 []


Underfull \hbox (badness 1308) in paragraph at lines 28--32
\T1/aer/m/n/10 Raquel Ur-ta-sun, and Sanja Fi-dler.
 []

[5 <./images/results.jpg> <./images/result_actual_example.png>]
Underfull \hbox (badness 6364) in paragraph at lines 34--38
[]\T1/aer/m/n/10 Nathan Sil-ber-man, Derek Hoiem,
 []


Underfull \hbox (badness 10000) in paragraph at lines 40--45
[]\T1/aer/m/n/10 Kristina Toutanova, Dan Klein,
 []


Underfull \hbox (badness 1314) in paragraph at lines 40--45
\T1/aer/m/n/10 Singer.  Feature-rich part-of-speech
 []


Underfull \hbox (badness 3792) in paragraph at lines 40--45
\T1/aer/m/n/10 tag-ging with a cyclic de-pen-dency
 []


Underfull \hbox (badness 1466) in paragraph at lines 40--45
\T1/aer/m/n/10 net-work.  \T1/aer/m/it/10 Pro-ceed-ings of the 2003
 []


Underfull \hbox (badness 2012) in paragraph at lines 40--45
\T1/aer/m/it/10 Con-fer-ence of the North Amer-i-can
 []


Underfull \hbox (badness 10000) in paragraph at lines 40--45
\T1/aer/m/it/10 pu-ta-tional Lin-guis-tics on Hu-man
 []

) [6

] (ausarbeitung_cg.aux)

LaTeX Font Warning: Some font shapes were not available, defaults substituted.

 ) 
Here is how much of TeX's memory you used:
 2539 strings out of 493335
 37748 string characters out of 3139269
 118646 words of memory out of 3000000
 6021 multiletter control sequences out of 15000+200000
 20703 words of font info for 39 fonts, out of 3000000 for 9000
 1141 hyphenation exceptions out of 8191
 47i,6n,37p,1324b,259s stack positions out of 5000i,500n,10000p,200000b,50000s
<C:/Program Files/MiKTeX 2.9/fonts/type1/public/amsfonts/cm/cmmi10.pfb><C:/Pr
ogram Files/MiKTeX 2.9/fonts/type1/public/amsfonts/cm/cmmi7.pfb><C:/Program Fil
es/MiKTeX 2.9/fonts/type1/public/amsfonts/cm/cmr10.pfb><C:/Program Files/MiKTeX
 2.9/fonts/type1/public/amsfonts/cm/cmr7.pfb><C:/Program Files/MiKTeX 2.9/fonts
/type1/public/amsfonts/cm/cmss10.pfb><C:/Program Files/MiKTeX 2.9/fonts/type1/p
ublic/amsfonts/cm/cmss12.pfb><C:/Program Files/MiKTeX 2.9/fonts/type1/public/am
sfonts/cm/cmssbx10.pfb><C:/Program Files/MiKTeX 2.9/fonts/type1/public/amsfonts
/cm/cmti10.pfb>
Output written on ausarbeitung_cg.pdf (8 pages, 4511404 bytes).
PDF statistics:
 89 PDF objects out of 1000 (max. 8388607)
 0 named destinations out of 1000 (max. 500000)
 31 words of extra memory for PDF output out of 10000 (max. 10000000)

